<?xml version="1.0" encoding="UTF-8"?>
<!-- Generated by org.testng.reporters.JUnitReportReporter -->
<testsuite skipped="0" hostname="CBT-MH-000" name="TestPackage.Trends" tests="1" failures="0" timestamp="11 Oct 2019 09:57:01 GMT" time="5.209" errors="0">
  <testcase name="trendingHashtags" time="5.209" classname="TestPackage.Trends"/>
</testsuite> <!-- TestPackage.Trends -->
