<?xml version="1.0" encoding="UTF-8"?>
<!-- Generated by org.testng.reporters.JUnitReportReporter -->
<testsuite skipped="0" hostname="CBT-MH-000" name="TestPackage.Tweet" tests="1" failures="0" timestamp="10 Oct 2019 09:15:25 GMT" time="4.789" errors="0">
  <testcase name="getTweet" time="4.789" classname="TestPackage.Tweet"/>
</testsuite> <!-- TestPackage.Tweet -->
