<?xml version="1.0" encoding="UTF-8"?>
<!-- Generated by org.testng.reporters.JUnitReportReporter -->
<testsuite skipped="0" hostname="CBT-MH-000" name="TestPackage.PostTweet" tests="1" failures="0" timestamp="10 Oct 2019 11:38:03 GMT" time="5.266" errors="0">
  <testcase name="postTweet" time="5.266" classname="TestPackage.PostTweet"/>
</testsuite> <!-- TestPackage.PostTweet -->
