<?xml version="1.0" encoding="UTF-8"?>
<!-- Generated by org.testng.reporters.JUnitReportReporter -->
<testsuite skipped="0" hostname="CBT-MH-000" name="TestPackage.Retweet" tests="1" failures="0" timestamp="11 Oct 2019 07:14:43 GMT" time="3.790" errors="0">
  <testcase name="postTweet" time="3.790" classname="TestPackage.Retweet"/>
</testsuite> <!-- TestPackage.Retweet -->
