<?xml version="1.0" encoding="UTF-8"?>
<!-- Generated by org.testng.reporters.JUnitReportReporter -->
<testsuite skipped="0" hostname="CBT-MH-000" name="TestPackage.GetTweet" tests="1" failures="0" timestamp="10 Oct 2019 11:54:03 GMT" time="4.779" errors="0">
  <testcase name="getTweet" time="4.779" classname="TestPackage.GetTweet"/>
</testsuite> <!-- TestPackage.GetTweet -->
